android-app/app/build/intermediates/manifest_merge_blame_file/debug/processDebugMainManifest/manifest-merger-blame-debug-report.txt
1<?xml version="1.0" encoding="utf-8"?>
2<manifest xmlns:android="http://schemas.android.com/apk/res/android"
3    package="com.luis.pajaritoc"
4    android:versionCode="1"
5    android:versionName="1" >
6
7    <uses-sdk
8        android:minSdkVersion="23"
9        android:targetSdkVersion="35" />
10
11    <application
11-->src/main/AndroidManifest.xml:2:5-17:19
12        android:allowBackup="true"
12-->src/main/AndroidManifest.xml:3:9-35
13        android:appComponentFactory="androidx.core.app.CoreComponentFactory"
13-->[androidx.core:core:1.1.0] AndroidManifest.xml:24:18-86
14        android:debuggable="true"
15        android:extractNativeLibs="false"
16        android:icon="@drawable/torre"
16-->src/main/AndroidManifest.xml:4:9-39
17        android:label="PajaritoC"
17-->src/main/AndroidManifest.xml:5:9-34
18        android:supportsRtl="true"
18-->src/main/AndroidManifest.xml:6:9-35
19        android:theme="@android:style/Theme.Material.Light.NoActionBar" >
19-->src/main/AndroidManifest.xml:7:9-72
20        <activity
20-->src/main/AndroidManifest.xml:8:9-16:20
21            android:name="com.luis.pajaritoc.MainActivity"
21-->src/main/AndroidManifest.xml:9:13-41
22            android:configChanges="keyboardHidden|orientation|screenSize"
22-->src/main/AndroidManifest.xml:11:13-74
23            android:exported="true" >
23-->src/main/AndroidManifest.xml:10:13-36
24            <intent-filter>
24-->src/main/AndroidManifest.xml:12:13-15:29
25                <action android:name="android.intent.action.MAIN" />
25-->src/main/AndroidManifest.xml:13:17-69
25-->src/main/AndroidManifest.xml:13:25-66
26
27                <category android:name="android.intent.category.LAUNCHER" />
27-->src/main/AndroidManifest.xml:14:17-77
27-->src/main/AndroidManifest.xml:14:27-74
28            </intent-filter>
29        </activity>
30    </application>
31
32</manifest>